C51 COMPILER V9.00   时_尤绽_                                                              12/17/2021 19:08:13 PAGE 1   


C51 COMPILER V9.00, COMPILATION OF MODULE 时_尤绽_
OBJECT MODULE PLACED IN 时钟日历.OBJ
COMPILER INVOKED BY: D:\keil\C51\BIN\C51.EXE 时钟日历.c BROWSE DEBUG OBJECTEXTEND

line level    source

   1          #include "reg51.h"
   2          #include "LCD1602.h"
   3          #include "DS1302.h"
   4          #define uchar unsigned char
   5          #define uint unsigned int
   6          bit key_flag1=0, key_flag2=0;
   7          SYSTEMTIME adjusted;
   8          
   9          #define KEY_MATRIX_PORT P1      //使用宏定义矩阵按键控制口              
  10          
  11          
  12          uchar sec_add=0, min_add=0, hou_add=0, day_add=0, mon_add=0, yea_add=0;
  13          uchar data_alarm[7]={0};
  14          uchar test[6] = "     C";
  15          
  16          int key_scan()
  17          {
  18   1              int i=0;
  19   1              uint temp;
  20   1              P1=0xF0;
  21   1              temp=P1;
  22   1              if(temp!=0xF0)
  23   1              {
  24   2                      i=1;
  25   2                      test[5]='C';
  26   2              }
  27   1              else
  28   1              {
  29   2                      i=0;
  30   2              }       
  31   1      
  32   1              return i;
  33   1      }
  34          
  35          uchar key_value()
  36          {
  37   1              uint m=0, n=0, temp;
  38   1              uchar value;
  39   1              uchar v[3][4]={'0','1','2','6','3','4','5','7','8','9','A','B'};
  40   1              P1=0xfe;temp=P1; if(temp!=0xfe) m=3; 
  41   1              P1=0xfd;temp=P1; if(temp!=0xfd) m=2;
  42   1              P1=0xfb;temp=P1; if(temp!=0xfb) m=1;
  43   1              P1=0xf7;temp=P1; if(temp!=0xf7) m=0;
  44   1              P1=0x7f;temp=P1; if(temp!=0x7f) n=0;
  45   1              P1=0xbf;temp=P1; if(temp!=0xbf) n=1;
  46   1              P1=0xdf;temp=P1; if(temp!=0xdf) n=2;
  47   1              value=v[n][m];
  48   1              return value;
  49   1      }
  50          
  51          void adjust(void)
  52          {
  53   1              /*if(key_scan()&&key_flag1)
  54   1              {
  55   1                      switch(key_value())
C51 COMPILER V9.00   时_尤绽_                                                              12/17/2021 19:08:13 PAGE 2   

  56   1                      {         
  57   1                              case '5':sec_add++;test[5]='S';break;
  58   1                              case '4':min_add++;test[5]='M';break;
  59   1                              case '3':hou_add++;test[5]='H';break;
  60   1                              case '2':day_add++;test[5]='D';break;
  61   1                              case '1':mon_add++;test[5]='M';break;
  62   1                              case '0':yea_add++;test[5]='Y';break;
  63   1                              //case '7':Save_Time(&adjusted);break; 
  64   1                              default:test[5]='C'; break;
  65   1                      }
  66   1              }
  67   1              
  68   1              adjusted.Second+=sec_add;
  69   1              adjusted.Minute+=min_add;
  70   1              adjusted.Hour+=hou_add;
  71   1              adjusted.Day+=day_add;
  72   1              adjusted.Month+=mon_add;
  73   1              adjusted.Year+=yea_add;*/
  74   1              
  75   1              if(key_scan()&&key_flag1)
  76   1              {
  77   2                      switch(key_value())
  78   2                      {         
  79   3                              case '5':adjusted.Second++;test[5]='S';break;
  80   3                              case '4':adjusted.Minute++;test[5]='M';break;
  81   3                              case '3':adjusted.Hour++;test[5]='H';break;
  82   3                              case '2':adjusted.Day++;test[5]='D';break;
  83   3                              case '1':adjusted.Month++;test[5]='M';break;
  84   3                              case '0':adjusted.Year++;test[5]='Y';break;
  85   3                              //case '7':Save_Time(&adjusted);break; 
  86   3                              default:test[5]='C'; break;
  87   3                      }
  88   2                      
  89   2              
  90   2                      
  91   2                      if(adjusted.Second>59)
  92   2                      {
  93   3                              adjusted.Second=adjusted.Second%60;
  94   3                              adjusted.Minute++;
  95   3                      }
  96   2                      if(adjusted.Minute>59)
  97   2                      {
  98   3                              adjusted.Minute=adjusted.Minute%60;
  99   3                              adjusted.Hour++;
 100   3                      }
 101   2                      if(adjusted.Hour>23)
 102   2                      {
 103   3                              adjusted.Hour=adjusted.Hour%24;
 104   3                              adjusted.Day++;
 105   3                      }
 106   2                      if(adjusted.Day>31)
 107   2                      {
 108   3                              adjusted.Day=adjusted.Day%31;
 109   3                              adjusted.Month++;
 110   3                      }
 111   2                      if(adjusted.Month>12)
 112   2                      {
 113   3                              adjusted.Month=adjusted.Month%12;
 114   3                              adjusted.Year++;
 115   3                              //test[5]='O';
 116   3                      }       
 117   2                      if(adjusted.Year>100)
C51 COMPILER V9.00   时_尤绽_                                                              12/17/2021 19:08:13 PAGE 3   

 118   2                      {
 119   3                              adjusted.Year=adjusted.Year%100;
 120   3                      }
 121   2                      Save_Time(&adjusted);
 122   2              }
 123   1      }
 124          
 125          void changing(void) interrupt 0 using 0
 126          {
 127   1              if(key_flag1)
 128   1              {                         
 129   2                      key_flag1=0;
 130   2              }
 131   1              else
 132   1              {
 133   2                      key_flag1=1;
 134   2              }
 135   1      }
 136          
 137          void main()
 138          {
 139   1              uint i;
 140   1              uchar p1[]="D:", p2[]="T:";
 141   1              SYSTEMTIME T;
 142   1      
 143   1              EA=1;
 144   1              EX0=1;
 145   1              IT0=1;
 146   1              EA=1;
 147   1              EX1=1;
 148   1              IT1=1;
 149   1              init1602();
 150   1              Initial_DS1302();
 151   1      
 152   1              while(1)
 153   1              {
 154   2                      write_com(0x80);
 155   2                      write_string(p1, 2);
 156   2                      write_com(0xc0);
 157   2                      write_string(p2, 2);
 158   2                      if(key_flag1==0)
 159   2                      {
 160   3                              DS1302_GetTime(&T);
 161   3                              adjusted.Second=T.Second;
 162   3                              adjusted.Minute=T.Minute;
 163   3                              adjusted.Hour=T.Hour;
 164   3                              adjusted.Day=T.Day;
 165   3                              adjusted.Month=T.Month;
 166   3                              adjusted.Year=T.Year;
 167   3                              for(i=0; i<9; i++)
 168   3                              {
 169   4                                      adjusted.DateString[i] = T.DateString[i];
 170   4                                      adjusted.TimeString[i] = T.TimeString[i];
 171   4                              }
 172   3                      }
 173   2                      else
 174   2                              adjust();
 175   2                      DateToStr(&adjusted);
 176   2                      TimeToStr(&adjusted);
 177   2                      write_com(0x82);
 178   2                      write_string(adjusted.DateString, 8);
 179   2                      if(key_flag1)write_string(test, 6);
C51 COMPILER V9.00   时_尤绽_                                                              12/17/2021 19:08:13 PAGE 4   

 180   2                      else write_string("      ", 6);
 181   2                      write_com(0xc2);                          
 182   2                      write_string(adjusted.TimeString, 8);
 183   2                      if(key_flag1)write_string(test, 6);
 184   2                      else write_string("      ", 6);
 185   2                      delay(10);
 186   2              }
 187   1      }


MODULE INFORMATION:   STATIC OVERLAYABLE
   CODE SIZE        =   1510    ----
   CONSTANT SIZE    =     25    ----
   XDATA SIZE       =   ----    ----
   PDATA SIZE       =   ----    ----
   DATA SIZE        =     44      57
   IDATA SIZE       =   ----    ----
   BIT SIZE         =      2       1
END OF MODULE INFORMATION.


C51 COMPILATION COMPLETE.  0 WARNING(S),  0 ERROR(S)
