C51 COMPILER V9.01   1                                                                     11/14/2021 19:41:39 PAGE 1   


C51 COMPILER V9.01, COMPILATION OF MODULE 1
OBJECT MODULE PLACED IN 1.OBJ
COMPILER INVOKED BY: C:\Program Files (x86)\Keil\C51\BIN\C51.EXE 1.c BROWSE DEBUG OBJECTEXTEND

line level    source

   1          #include<AT89X51.H>
   2          #include<stdio.h>
   3          
   4          void main(void)
   5          {
   6   1              SCON = 0X50;
   7   1              TMOD = 0X20;
   8   1              TCON = 0X40;
   9   1              TH1 = 0XE8;
  10   1              TL1 = 0XE8;
  11   1              TI = 1;
  12   1              TR1 = 1; 
  13   1              while(1){
  14   2                      printf("HELLO WORLD 201921121073 ¡Ë…Ÿ∆Ω\n");
  15   2              }
  16   1      }


MODULE INFORMATION:   STATIC OVERLAYABLE
   CODE SIZE        =     30    ----
   CONSTANT SIZE    =     33    ----
   XDATA SIZE       =   ----    ----
   PDATA SIZE       =   ----    ----
   DATA SIZE        =   ----    ----
   IDATA SIZE       =   ----    ----
   BIT SIZE         =   ----    ----
END OF MODULE INFORMATION.


C51 COMPILATION COMPLETE.  0 WARNING(S),  0 ERROR(S)
