C51 COMPILER V9.01   A                                                                     12/03/2021 20:02:52 PAGE 1   


C51 COMPILER V9.01, COMPILATION OF MODULE A
OBJECT MODULE PLACED IN a.OBJ
COMPILER INVOKED BY: C:\Program Files (x86)\Keil\C51\BIN\C51.EXE a.c BROWSE DEBUG OBJECTEXTEND

line level    source

   1          #include"reg51.h"
   2          #define uchar unsigned char
   3          #define uint unsigned int
   4          uchar p[]="i love you";
   5          sbit E=P2^7;//使能E，以脉冲形式发送信号
   6          sbit RS=P2^6;//0：指令      1：字符
   7          sbit RW=P2^5;//0：写        1：读
   8          
   9          void dy(uint x)
  10          {
  11   1              uint i;
  12   1              i=x*100;
  13   1              while(i--);     
  14   1      }
  15          
  16          void LCD_1602_Cmd(uchar cmd)//写指令
  17          {
  18   1              RS=0;    //时序为RS、RW、E
  19   1              RW=0;
  20   1              P0=cmd;
  21   1              E=1;             //一次脉冲、一次使能信号
  22   1              dy(2);
  23   1              E=0;
  24   1      }
  25          
  26          void LCD_1602_Data(uchar dat)//写字符
  27          {
  28   1              RS=1;
  29   1              RW=0;
  30   1              P0=dat;
  31   1              E=1;
  32   1              dy(2);
  33   1              E=0;
  34   1      }
  35          void LCD_1602_init()//初始化
  36          {
  37   1              LCD_1602_Cmd(0X38);//开显示：8位一行、5x7显示点阵       
  38   1              LCD_1602_Cmd(0X06);//每写入一个字符后指针加一，即光标右移一位
  39   1              LCD_1602_Cmd(0X0c);//开显示但不显示光标
  40   1              LCD_1602_Cmd(0X01);//清屏
  41   1              //LCD_1602_Cmd(0X18)：所有显示的字符向左移一位，
  42   1              //LCD_1602_Cmd(0X80)：设置数据指针的起点如LCD_1602_Cmd(k2+0x80)。
  43   1      }
  44          
  45          void LCD_1602_Display(uchar x,uchar y,uchar dat)//在x行、y列进行显示字符dat
  46          {
  47   1              uchar k1=0x00,k2=0x40;
  48   1              if(x==1)
  49   1              {
  50   2                      k1+=y;
  51   2                      LCD_1602_Cmd(k1+0x80);
  52   2              }
  53   1              else
  54   1              {
  55   2                      k2+=y;
C51 COMPILER V9.01   A                                                                     12/03/2021 20:02:52 PAGE 2   

  56   2                      LCD_1602_Cmd(k2+0x80);  
  57   2              }
  58   1              LCD_1602_Data(dat);
  59   1      }
  60          
  61          void display(uint l,uchar *p)//显示字符串
  62          {
  63   1              uint i;
  64   1              for(i=0;i<l;i++)
  65   1                      LCD_1602_Data(p[i]);
  66   1      }
  67          
  68          void main()
  69          {
  70   1              uchar i;
  71   1              LCD_1602_init();
  72   1              //LCD_1602_Display(2,0,6+48);//显示数字时加48，因为0的ascii码为48
  73   1              for(i=0;i<sizeof(p)-1;i++)
  74   1              {
  75   2                      LCD_1602_Display(1,i,p[i]);
  76   2              }
  77   1              LCD_1602_Cmd(0X80+0X40);         
  78   1              display(sizeof(p)-1,p);
  79   1      }


MODULE INFORMATION:   STATIC OVERLAYABLE
   CODE SIZE        =    183    ----
   CONSTANT SIZE    =   ----    ----
   XDATA SIZE       =   ----    ----
   PDATA SIZE       =   ----    ----
   DATA SIZE        =     11       7
   IDATA SIZE       =   ----    ----
   BIT SIZE         =   ----    ----
END OF MODULE INFORMATION.


C51 COMPILATION COMPLETE.  0 WARNING(S),  0 ERROR(S)
