C51 COMPILER V9.01   MAIN                                                                  12/30/2021 11:03:47 PAGE 1   


C51 COMPILER V9.01, COMPILATION OF MODULE MAIN
OBJECT MODULE PLACED IN main.OBJ
COMPILER INVOKED BY: C:\Program Files (x86)\Keil\C51\BIN\C51.EXE main.c BROWSE DEBUG OBJECTEXTEND

line level    source

   1          /*
   2          （1）编写SPI总线通信程序和数码管显示程序
   3          （2）编写xpt2046控制程序，实现AD转换。
   4          （3）编写PWM控制，实现LED灯亮度联动。
   5          */
   6          
   7          #include "reg52.h"
   8          #include "XPT2046.h"
   9          
  10          
  11          
  12          uchar DisplayData[8];
  13          sbit LSA=P2^2;            //LSA、LSB、LSC共同控制显示数码管
  14          sbit LSB=P2^3;
  15          sbit LSC=P2^4;
  16          
  17          sbit PWM=P2^0;//定义使用的IO口
  18          
  19          uchar step=50;    //总共级别数
  20          int result=0; //获取的电阻的值
  21          int timer=0; //中断次数计数器变量
  22          
  23          uchar code smgduan[10]={0x3f,0x06,0x5b,0x4f,0x66,0x6d,0x7d,0x07,0x7f,0x6f};      //0-9 
  24          
  25          void delay(int i)               //延时
  26          {
  27   1              while(i--);     
  28   1      }
  29          
  30          /****************************************************************************
  31          *函数名：initTimer()
  32          *输  入：无
  33          *输  出：
  34          *功  能：初始化定时器
  35          ****************************************************************************/
  36          void initTimer()
  37          {
  38   1              TMOD=0X01;//晶振11.0592，定时器定时方式1
  39   1              TH0=0XFF;  //250ms
  40   1              TL0=0X06;
  41   1              EA=1;//开总中断
  42   1              ET0=1;//开定时器中断
  43   1              TR0=1;//开定时器
  44   1      }
  45          
  46          /****************************************************************************
  47          *函数名：timer0() interrupt 1 using 3
  48          *输  入：无
  49          *输  出：
  50          *功  能：定时器中断函数
  51          ****************************************************************************/
  52          void timer0() interrupt 1 using 3
  53          {
  54   1              int grade=result/80;  //共分为4000/80=50个级别，用grade表示当前级别
  55   1              TH0=0xFF; //恢复定时器初始值
C51 COMPILER V9.01   MAIN                                                                  12/30/2021 11:03:47 PAGE 2   

  56   1              TL0=0x06;
  57   1              timer++;   //定时器自加
  58   1              if(timer>grade)
  59   1              {
  60   2                      PWM=1;  //灯灭（查看指导手册，高电平灭）
  61   2              }
  62   1              else 
  63   1                      PWM=0;
  64   1              if(timer==step)  //当timer达到级别数后，timer重置为0
  65   1              {
  66   2                      timer=0;
  67   2              }
  68   1      }
  69          
  70          /****************************************************************************
  71          *函数名：datapros(int result) 
  72          *输  入：无
  73          *输  出：
  74          *功  能：将滑动变阻器的结果转换到数码管上
  75          ****************************************************************************/
  76          void datapros(int result)          
  77          {
  78   1              
  79   1              DisplayData[0] = smgduan[result / 1000 % 10];
  80   1              DisplayData[1] = smgduan[result / 100 % 10];
  81   1              DisplayData[2] = smgduan[result / 10 % 10];
  82   1              DisplayData[3] = smgduan[result % 10];
  83   1      }
  84          
  85          /****************************************************************************
  86          *函数名：DigDisplay()
  87          *输  入：无
  88          *输  出：
  89          *功  能：显示数码管上内容
  90          ****************************************************************************/
  91          void DigDisplay()
  92          {
  93   1              uchar i;
  94   1              for(i=0;i<4;i++)
  95   1              {
  96   2                      switch(i)        //位选，选择点亮的数码管，
  97   2                      {
  98   3                              case(0):
  99   3                                      LSA=0;LSB=0;LSC=0; break;//显示第0位
 100   3                              case(1):
 101   3                                      LSA=1;LSB=0;LSC=0; break;//显示第1位
 102   3                              case(2):
 103   3                                      LSA=0;LSB=1;LSC=0; break;//显示第2位
 104   3                              case(3):
 105   3                                      LSA=1;LSB=1;LSC=0; break;//显示第3位
 106   3                                      
 107   3                      }
 108   2                      P0=DisplayData[3-i];//发送数据
 109   2                      delay(100); //间隔一段时间扫描  
 110   2                      P0=0x00;//消隐
 111   2              }               
 112   1      }
 113          
 114          /****************************************************************************
 115          *函数名：main()
 116          *输  入：无
 117          *输  出：
C51 COMPILER V9.01   MAIN                                                                  12/30/2021 11:03:47 PAGE 3   

 118          *功  能：初始化定时器，等待中断，获取模拟信号，转换为数字信号并显示
 119          ****************************************************************************/
 120          int main()
 121          {
 122   1              initTimer();    //调用初始化定时器，等待中断
 123   1              while(1)
 124   1              {
 125   2                      result= Read_AD_Data(0x94);     //AIN0：检测转换电位器模拟信号，控制字命令寄存器值为0x94或者0xB4 
 126   2                      datapros(result);
 127   2                      DigDisplay();   
 128   2              }
 129   1      }


MODULE INFORMATION:   STATIC OVERLAYABLE
   CODE SIZE        =    305    ----
   CONSTANT SIZE    =     10    ----
   XDATA SIZE       =   ----    ----
   PDATA SIZE       =   ----    ----
   DATA SIZE        =     13    ----
   IDATA SIZE       =   ----    ----
   BIT SIZE         =   ----    ----
END OF MODULE INFORMATION.


C51 COMPILATION COMPLETE.  0 WARNING(S),  0 ERROR(S)
