C51 COMPILER V9.01   MAIN                                                                  12/03/2021 18:33:25 PAGE 1   


C51 COMPILER V9.01, COMPILATION OF MODULE MAIN
OBJECT MODULE PLACED IN main.OBJ
COMPILER INVOKED BY: C:\Program Files (x86)\Keil\C51\BIN\C51.EXE main.c BROWSE DEBUG OBJECTEXTEND

line level    source

   1          #include "reg51.h"
   2          #include "intrins.h"
   3          
   4          #define uchar unsigned char
   5          #define uint unsigned int
   6          #define out P0
   7          
   8          sbit smg1=P2^2;
   9          sbit smg2=P2^3;
  10          sbit smg3=P2^4;
  11          sbit DQ=P3^7;
  12          sbit BEEP=P1^5;
  13          
  14          uchar code seg[]={0x3f, 0x06, 0x5b, 0x4f, 0x66, 0x6d, 0x7d, 0x07, 0x7f, 0x6f, 0x77, 0x7c, 0x39, 0x5e, 0x79
             -, 0x71};
  15          
  16          void delay5(uchar);
  17          void init_ds18b20(void);
  18          uchar readbyte(void);
  19          void writebyte(uchar);
  20          uchar retemp(void);
  21          void checktemp(uint);
  22          
  23          void main(void)
  24          {
  25   1              uchar i, temp;
  26   1              delay5(1000);
  27   1              while(1)
  28   1              {
  29   2                      temp = retemp();
  30   2                      for(i=0; i<10; i++)
  31   2                      {
  32   3                              out = seg[(temp/10)];
  33   3                              smg1 = 1;
  34   3                              smg2 = 0;       
  35   3                              smg3 = 0;
  36   3                              if(temp<25)
  37   3                                      delay5(1000);
  38   3                              else
  39   3                                      checktemp(temp);
  40   3                              out = seg[(temp%10)];    
  41   3                              smg1 = 0;
  42   3                              smg2 = 0;  
  43   3                              smg3 = 0; 
  44   3                              //delay5(1000);
  45   3                              checktemp(temp);
  46   3                      }
  47   2              }
  48   1      }
  49          
  50          void delay5(uchar n)     //延时5微秒
  51          {
  52   1              do
  53   1              {
  54   2                      _nop_();
C51 COMPILER V9.01   MAIN                                                                  12/03/2021 18:33:25 PAGE 2   

  55   2                      _nop_();
  56   2                      _nop_();
  57   2                      n--;
  58   2              }
  59   1              while(n);
  60   1      }
  61          
  62          void init_ds18b20(void) //对18B20初始化函数
  63          {
  64   1              uchar x = 0;
  65   1              DQ = 0;
  66   1              delay5(120);
  67   1              DQ = 1;
  68   1              delay5(16);
  69   1              delay5(80);
  70   1      }
  71          
  72          uchar readbyte(void) //函数功能：读取1字节数据
  73          {
  74   1              uchar i = 0;
  75   1              uchar date = 0;
  76   1              for(i=8; i>0; i--)
  77   1              {
  78   2                      DQ = 0;
  79   2                      delay5(1);              
  80   2                      DQ = 1;
  81   2                      date >>= 1;
  82   2                      if(DQ)
  83   2                              date |= 0x80;
  84   2                      delay5(11);     
  85   2              }
  86   1              return(date);
  87   1      }
  88          
  89          void writebyte(uchar dat) //写1B函数
  90          {
  91   1              uchar i = 0;
  92   1              for(i=8; i>0; i--)
  93   1              {
  94   2                      DQ = 0;
  95   2                      DQ = dat&0x01;    //写“1” 在15微秒内拉低
  96   2                      delay5(12);           //写“0” 拉低60微秒
  97   2                      DQ = 1;
  98   2                      dat >>= 1;
  99   2                      delay5(5);
 100   2              }
 101   1      }
 102          
 103          uchar retemp(void) //读取温度函数
 104          {
 105   1              uchar a, b, tt;
 106   1              uint t;
 107   1              init_ds18b20();
 108   1              writebyte(0xCC);
 109   1              writebyte(0x44);
 110   1              init_ds18b20();
 111   1              writebyte(0xCC);
 112   1              writebyte(0xBE);
 113   1              a = readbyte();
 114   1              b = readbyte();
 115   1              t = b;
 116   1              t <<= 8;
C51 COMPILER V9.01   MAIN                                                                  12/03/2021 18:33:25 PAGE 3   

 117   1              t = t | a;
 118   1              tt = t * 0.0625;
 119   1              return(tt);
 120   1      }
 121          
 122          void checktemp(uint t)
 123          {
 124   1              uint i = 10;
 125   1              if(t>=25)
 126   1              {
 127   2                      while(i--)//循环2000次
 128   2                      {
 129   3                              BEEP=!BEEP;//产生一定频率的脉冲信号
 130   3                              delay5(100);
 131   3                      }
 132   2                      i=0;//清零
 133   2                      BEEP=0;//关闭蜂鸣器
 134   2              }
 135   1              else
 136   1              {
 137   2                      BEEP = 0;
 138   2              }
 139   1      }


MODULE INFORMATION:   STATIC OVERLAYABLE
   CODE SIZE        =    278    ----
   CONSTANT SIZE    =     16    ----
   XDATA SIZE       =   ----    ----
   PDATA SIZE       =   ----    ----
   DATA SIZE        =   ----       3
   IDATA SIZE       =   ----    ----
   BIT SIZE         =   ----    ----
END OF MODULE INFORMATION.


C51 COMPILATION COMPLETE.  0 WARNING(S),  0 ERROR(S)
