C51 COMPILER V9.00   A                                                                     11/19/2021 20:13:10 PAGE 1   


C51 COMPILER V9.00, COMPILATION OF MODULE A
OBJECT MODULE PLACED IN a.OBJ
COMPILER INVOKED BY: D:\keil\C51\BIN\C51.EXE a.c BROWSE DEBUG OBJECTEXTEND

line level    source

   1          #include "reg51.h"
   2          //#include "intrins.h"
   3          #define uchar unsigned char
   4          #define uint unsigned int
   5          #define out P0
   6          //uchar code seg [] = {0xc0, 0xa4, 0x99, 0x82, 0x80, 0xf9, 0xb0, 0x92, 0xf8, 0x90, 0x01};
   7          uchar code seg [] = {0x3F,0x06,0x5B,0x4F,0x66,0x6D,0x7D,0x07,0x7F,0x6F};
   8          
   9          void delayms(uint);
  10          
  11          void main(void)
  12          {
  13   1              uchar i;
  14   1              while(1){
  15   2                      out = seg[i];
  16   2                      delayms(900);
  17   2                      i++;
  18   2                      if(i == 10)
  19   2                              i = 0;
  20   2              }
  21   1      }
  22          
  23          void delayms(uint j)
  24          {                                                                     
  25   1              uchar i=0;
  26   1              for (;j>0;j--)
  27   1              {
  28   2                      i = 250;
  29   2                      while(--i);
  30   2                      i = 249;
  31   2                      while(--i);
  32   2              }
  33   1      }


MODULE INFORMATION:   STATIC OVERLAYABLE
   CODE SIZE        =     52    ----
   CONSTANT SIZE    =     10    ----
   XDATA SIZE       =   ----    ----
   PDATA SIZE       =   ----    ----
   DATA SIZE        =   ----       1
   IDATA SIZE       =   ----    ----
   BIT SIZE         =   ----    ----
END OF MODULE INFORMATION.


C51 COMPILATION COMPLETE.  0 WARNING(S),  0 ERROR(S)
